<?xml version="1.0" encoding="UTF-8"?>
<!-- Generated by org.testng.reporters.JUnitXMLReporter -->
<testsuite hostname="DESKTOP-V8AL5TS" ignored="4" name="Test_ALL" tests="7" failures="0" timestamp="2022-02-12T13:55:56 IST" time="1.474" errors="0">
  <testcase name="@BeforeTest setup" time="-1.644654354652E9" classname="com.I_Net_Banking.TestCases.BaseClass">
    <failure type="org.testng.TestNGException" message="
Parameter &amp;apos;browser&amp;apos; is required by BeforeTest on method setup but has not been marked @Optional or defined
in C:\Workspace_Divya\I_Net_Banking\testng.all.xml">
      <![CDATA[org.testng.TestNGException: 
Parameter 'browser' is required by BeforeTest on method setup but has not been marked @Optional or defined
in C:\Workspace_Divya\I_Net_Banking\testng.all.xml
... Removed 21 stack frames]]>
    </failure>
  </testcase> <!-- @BeforeTest setup -->
  <testcase name="@AfterTest teardown" time="-1.644654356114E9" classname="com.I_Net_Banking.TestCases.BaseClass">
    <skipped/>
  </testcase> <!-- @AfterTest teardown -->
  <testcase name="logintest" time="0.0" classname="com.I_Net_Banking.TestCases.TC_LoginTest_001">
    <skipped/>
  </testcase> <!-- logintest -->
  <testcase name="addNewCustomer" time="0.0" classname="com.I_Net_Banking.TestCases.TC_AddCustomerTest_003">
    <skipped/>
  </testcase> <!-- addNewCustomer -->
  <testcase name="loginDDT" time="0.0" classname="com.I_Net_Banking.TestCases.TC_LoginDDT_002">
    <skipped/>
  </testcase> <!-- loginDDT -->
  <testcase name="loginDDT" time="0.0" classname="com.I_Net_Banking.TestCases.TC_LoginDDT_002">
    <skipped/>
  </testcase> <!-- loginDDT -->
  <testcase name="loginDDT" time="0.0" classname="com.I_Net_Banking.TestCases.TC_LoginDDT_002">
    <skipped/>
  </testcase> <!-- loginDDT -->
  <testcase name="loginDDT" time="0.0" classname="com.I_Net_Banking.TestCases.TC_LoginDDT_002">
    <skipped/>
  </testcase> <!-- loginDDT -->
  <testcase name="loginDDT" time="0.0" classname="com.I_Net_Banking.TestCases.TC_LoginDDT_002">
    <skipped/>
  </testcase> <!-- loginDDT -->
  <testcase name="@BeforeTest setup" time="0.0" classname="com.I_Net_Banking.TestCases.BaseClass">
    <ignored/>
  </testcase> <!-- @BeforeTest setup -->
  <testcase name="@BeforeTest setup" time="0.0" classname="com.I_Net_Banking.TestCases.BaseClass">
    <ignored/>
  </testcase> <!-- @BeforeTest setup -->
  <testcase name="@AfterTest teardown" time="0.0" classname="com.I_Net_Banking.TestCases.BaseClass">
    <ignored/>
  </testcase> <!-- @AfterTest teardown -->
  <testcase name="@AfterTest teardown" time="0.0" classname="com.I_Net_Banking.TestCases.BaseClass">
    <ignored/>
  </testcase> <!-- @AfterTest teardown -->
</testsuite> <!-- Test_ALL -->
