<?xml version="1.0" encoding="UTF-8"?>
<!-- Generated by org.testng.reporters.JUnitXMLReporter -->
<testsuite hostname="DESKTOP-V8AL5TS" ignored="4" name="BankingApp Test" tests="7" failures="3" timestamp="2022-02-12T14:12:10 IST" time="98.932" errors="0">
  <testcase name="loginDDT" time="13.577" classname="com.I_Net_Banking.TestCases.TC_LoginDDT_002"/>
  <testcase name="loginDDT" time="13.796" classname="com.I_Net_Banking.TestCases.TC_LoginDDT_002"/>
  <testcase name="loginDDT" time="7.793" classname="com.I_Net_Banking.TestCases.TC_LoginDDT_002">
    <failure type="java.lang.AssertionError" message="did not expect to find [true] but found [false]">
      <![CDATA[java.lang.AssertionError: did not expect to find [true] but found [false]
at com.I_Net_Banking.TestCases.TC_LoginDDT_002.loginDDT(TC_LoginDDT_002.java:39)
at java.util.ArrayList.forEach(Unknown Source)
... Removed 31 stack frames]]>
    </failure>
  </testcase> <!-- loginDDT -->
  <testcase name="loginDDT" time="13.669" classname="com.I_Net_Banking.TestCases.TC_LoginDDT_002"/>
  <testcase name="loginDDT" time="6.975" classname="com.I_Net_Banking.TestCases.TC_LoginDDT_002">
    <failure type="java.lang.AssertionError" message="did not expect to find [true] but found [false]">
      <![CDATA[java.lang.AssertionError: did not expect to find [true] but found [false]
at com.I_Net_Banking.TestCases.TC_LoginDDT_002.loginDDT(TC_LoginDDT_002.java:39)
at java.util.ArrayList.forEach(Unknown Source)
... Removed 31 stack frames]]>
    </failure>
  </testcase> <!-- loginDDT -->
  <testcase name="addNewCustomer" time="23.188" classname="com.I_Net_Banking.TestCases.TC_AddCustomerTest_003"/>
  <testcase name="logintest" time="4.569" classname="com.I_Net_Banking.TestCases.TC_LoginTest_001">
    <failure type="java.lang.AssertionError" message="did not expect to find [true] but found [false]">
      <![CDATA[java.lang.AssertionError: did not expect to find [true] but found [false]
at com.I_Net_Banking.TestCases.TC_LoginTest_001.logintest(TC_LoginTest_001.java:36)
at java.util.ArrayList.forEach(Unknown Source)
... Removed 31 stack frames]]>
    </failure>
  </testcase> <!-- logintest -->
  <testcase name="@BeforeTest setup" time="0.0" classname="com.I_Net_Banking.TestCases.BaseClass">
    <ignored/>
  </testcase> <!-- @BeforeTest setup -->
  <testcase name="@BeforeTest setup" time="0.0" classname="com.I_Net_Banking.TestCases.BaseClass">
    <ignored/>
  </testcase> <!-- @BeforeTest setup -->
  <testcase name="@AfterTest teardown" time="0.0" classname="com.I_Net_Banking.TestCases.BaseClass">
    <ignored/>
  </testcase> <!-- @AfterTest teardown -->
  <testcase name="@AfterTest teardown" time="0.0" classname="com.I_Net_Banking.TestCases.BaseClass">
    <ignored/>
  </testcase> <!-- @AfterTest teardown -->
</testsuite> <!-- BankingApp Test -->
